d:\raptisoft\source\framework\os\windows\rapt\rapt\stripped (nogfx, nobass)\rapt_color.obj
d:\raptisoft\source\framework\os\windows\rapt\rapt\stripped (nogfx, nobass)\input_core.obj
d:\raptisoft\source\framework\os\windows\rapt\rapt\stripped (nogfx, nobass)\rapt_object.obj
d:\raptisoft\source\framework\os\windows\rapt\rapt\stripped (nogfx, nobass)\network_core.obj
d:\raptisoft\source\framework\os\windows\rapt\rapt\stripped (nogfx, nobass)\rapt_matrix.obj
d:\raptisoft\source\framework\os\windows\rapt\rapt\stripped (nogfx, nobass)\rapt_string.obj
d:\raptisoft\source\framework\os\windows\rapt\rapt\stripped (nogfx, nobass)\rapt_rect.obj
d:\raptisoft\source\framework\os\windows\rapt\rapt\stripped (nogfx, nobass)\rapt_image.obj
d:\raptisoft\source\framework\os\windows\rapt\rapt\stripped (nogfx, nobass)\rapt_input.obj
d:\raptisoft\source\framework\os\windows\rapt\rapt\stripped (nogfx, nobass)\os_core.obj
d:\raptisoft\source\framework\os\windows\rapt\rapt\stripped (nogfx, nobass)\rapt_ml.obj
d:\raptisoft\source\framework\os\windows\rapt\rapt\stripped (nogfx, nobass)\rapt_cpuhelpers.obj
d:\raptisoft\source\framework\os\windows\rapt\rapt\stripped (nogfx, nobass)\rapt_random.obj
d:\raptisoft\source\framework\os\windows\rapt\rapt\stripped (nogfx, nobass)\rapt_shaders.obj
d:\raptisoft\source\framework\os\windows\rapt\rapt\stripped (nogfx, nobass)\rapt_iobuffer.obj
d:\raptisoft\source\framework\os\windows\rapt\rapt\stripped (nogfx, nobass)\rapt_social.obj
d:\raptisoft\source\framework\os\windows\rapt\rapt\stripped (nogfx, nobass)\rapt_model.obj
d:\raptisoft\source\framework\os\windows\rapt\rapt\stripped (nogfx, nobass)\rapt_font.obj
d:\raptisoft\source\framework\os\windows\rapt\rapt\stripped (nogfx, nobass)\rapt_audio.obj
d:\raptisoft\source\framework\os\windows\rapt\rapt\stripped (nogfx, nobass)\rapt_utils.obj
d:\raptisoft\source\framework\os\windows\rapt\rapt\stripped (nogfx, nobass)\rapt_settings.obj
d:\raptisoft\source\framework\os\windows\rapt\rapt\stripped (nogfx, nobass)\rapt_list.obj
d:\raptisoft\source\framework\os\windows\rapt\rapt\stripped (nogfx, nobass)\rapt_comm.obj
d:\raptisoft\source\framework\os\windows\rapt\rapt\stripped (nogfx, nobass)\rapt_app.obj
d:\raptisoft\source\framework\os\windows\rapt\rapt\stripped (nogfx, nobass)\leaktester.obj
d:\raptisoft\source\framework\os\windows\rapt\rapt\stripped (nogfx, nobass)\social_core.obj
d:\raptisoft\source\framework\os\windows\rapt\rapt\stripped (nogfx, nobass)\rapt_point.obj
d:\raptisoft\source\framework\os\windows\rapt\rapt\stripped (nogfx, nobass)\transaction_core.obj
d:\raptisoft\source\framework\os\windows\rapt\rapt\stripped (nogfx, nobass)\rapt_console.obj
d:\raptisoft\source\framework\os\windows\rapt\rapt\stripped (nogfx, nobass)\graphics_core.obj
d:\raptisoft\source\framework\os\windows\rapt\rapt\stripped (nogfx, nobass)\rapt_sprite.obj
d:\raptisoft\source\framework\os\windows\rapt\rapt\stripped (nogfx, nobass)\rapt_cpu.obj
d:\raptisoft\source\framework\os\windows\rapt\rapt\stripped (nogfx, nobass)\sound_core.obj
d:\raptisoft\source\framework\os\windows\rapt\rapt\stripped (nogfx, nobass)\rapt_graphics.obj
d:\raptisoft\source\framework\os\windows\rapt\rapt\stripped (nogfx, nobass)\rapt_math.obj
d:\raptisoft\source\framework\os\windows\rapt.pdb
d:\raptisoft\source\framework\os\windows\rapt.lib
d:\raptisoft\source\framework\os\windows\rapt\rapt\stripped (nogfx, nobass)\rapt.tlog\cl.10916.write.1.tlog
d:\raptisoft\source\framework\os\windows\rapt\rapt\stripped (nogfx, nobass)\rapt.tlog\cl.command.1.tlog
d:\raptisoft\source\framework\os\windows\rapt\rapt\stripped (nogfx, nobass)\rapt.tlog\cl.read.1.tlog
d:\raptisoft\source\framework\os\windows\rapt\rapt\stripped (nogfx, nobass)\rapt.tlog\lib-link.read.1.tlog
d:\raptisoft\source\framework\os\windows\rapt\rapt\stripped (nogfx, nobass)\rapt.tlog\lib-link.write.1.tlog
d:\raptisoft\source\framework\os\windows\rapt\rapt\stripped (nogfx, nobass)\rapt.tlog\lib.command.1.tlog
